
ROM used: 15314 (47%)
          32764 (100%) including unused fragments

          6 Average locations per line
          14 Average locations per statement

RAM used: 1439 (70%) at main() level
          1612 (79%) worst case

Stack used: 13 worst case (out of 31 total available)

Lines Stmts  %   Files
----- ----- ---  -----
  918   680  62  Horimetro.c
   40     0   0  Horimetro.h
  451     0   0  ..\..\..\..\..\..\..\..\Program Files (x86)\PICC\devices\18F4550.h
  923   423  38  OLED_I2C.c
  163     0   0  ..\..\..\..\..\..\..\..\Program Files (x86)\PICC\drivers\stdint.h
----- -----
 2495  1103 Total

Page ROM  %  RAM   Vol Diff  Functions:
---- --- --- ---   --- ----  ----------
0     32   0   7             @READ_PROGRAM_MEMORY
0     42   0   1             @delay_ms1
0     76   0   3             @I2C_READ_1
0     82   0   1             @I2C_WRITE_1
0    282   1   0             @const257
0    246   1   0             @const259
0    106   0   2   165  2.1  OLED_command
0    282   1   0   924  4.6  OLED_Begin
0    240   1   6   408  8.9  OLED_DrawPixel
0    312   1  16   864  5.3  OLED_Display
0     38   0   4   135  4.3  OLED_ClearDisplay
0    506   2  19  1524  7.9  OLED_DrawLine
0     44   0   5   146  3.1  OLED_DrawFastHLine
0     42   0   5   146  3.1  OLED_DrawFastVLine
0     62   0   7   231  4.2  OLED_FillRect
0    106   0   5   274  2.8  OLED_DrawRect
0     32   0   1    61  1.9  OLED_InvertDisplay
0     74   0   6   185  4.0  OLED_DrawText
0     30   0   2   127  3.9  OLED_GotoXY
0     20   0   1    68  2.4  OLED_TextSize
0    430   1   8  2269 11.8  OLED_Print
0     70   0   0   734  2.4  inicializar_flags
0     40   0   1   764  2.4  @delay_ms2
0     80   0   1   216  3.1  timer_0
0   3748  12   3  2577  9.4  MAIN
0     70   0   5  2577  9.4  @DIV1616
0   1768   6   1 13819  9.0  trata_teclas
0   2852   9 111  9216  6.7  atualiza_menu
0     50   0   0  8947  6.7  @goto11319
0     44   0   0             @goto11322
0     46   0   0   630  4.3  @goto11345
0    232   1   0   630  4.3  display_dia
0    676   2   1  1584  5.9  DS1307_display
0     76   0   4  1584  5.9  @DIVS88
0    322   1   7  1055  5.0  escreve_ds
0    320   1   0   758  2.4  le_DS1307
0    238   1  13  1197  5.6  conv_valor
0    436   1   1   756  3.9  atualiza_disp
0    294   1   2   511  3.8  escrita
0    442   1   6  1224  7.6  lemem
0     48   0   1    55  1.1  initdisp
0    224   1   2   503  4.8  inithori

Program metrics:
    Functions               35
    Statements              1103
    Comments                471
    Volume (V)              87507
    Difficilty (D)          178.9
    Effort to implement (E) 15652319
    Time to implement (T)   241 hours, 33 minutes
    Est Delivered Bugs (B)  21
    Cyclomatic Complexity   198
    Maintainability (MI)    45

 Segment     Used  Free
-----------  ----  ----
00000-00002     4  0  
00004-00006     0  4  
00008-00094   142  0  
00096-07FF6  15160  17450  
07FF8-07FFE     8  0  



